gimproveClient_Prototype.Client INFO       2018-03-04 11:20:17,672 __init__ Client instantiated.
gimproveClient_Prototype.Client INFO       2018-03-04 11:20:23,504 run RFID-read: 0006921147
gimproveClient_Prototype.SensorManager INFO       2018-03-04 11:20:23,589 run Start recording.
gimproveClient_Prototype.SensorManager INFO       2018-03-04 11:20:29,943 run Timeout. Stop recording.
gimproveClient_Prototype.Client INFO       2018-03-04 11:22:55,539 __init__ Client instantiated.
gimproveClient_Prototype.Client WARNING    2018-03-04 11:22:55,540 __init__ Running on production environment.
gimproveClient_Prototype.Client INFO       2018-03-04 11:22:57,302 run RFID-read: 0006921147
gimproveClient_Prototype.Client INFO       2018-03-04 13:49:44,522 __init__ Client instantiated.
gimproveClient_Prototype.Client INFO       2018-03-04 13:49:49,502 run RFID-read: 0006921147
gimproveClient_Prototype.Client INFO       2018-03-04 13:50:05,395 __init__ Client instantiated.
gimproveClient_Prototype.Client INFO       2018-03-04 13:50:08,461 run RFID-read: 0006921147
gimproveClient_Prototype.SensorManager INFO       2018-03-04 13:50:08,547 run Start recording.
gimproveClient_Prototype.Client INFO       2018-03-04 13:50:25,162 __init__ Client instantiated.
gimproveClient_Prototype.Client INFO       2018-03-04 13:50:28,297 run RFID-read: 0006921147
gimproveClient_Prototype.SensorManager INFO       2018-03-04 13:50:28,351 run Start recording.
gimproveClient_Prototype.Client INFO       2018-03-04 13:50:35,318 __init__ Client instantiated.
gimproveClient_Prototype.Client INFO       2018-03-04 13:50:37,967 run RFID-read: 0006921147
gimproveClient_Prototype.SensorManager INFO       2018-03-04 13:50:38,025 run Start recording.
gimproveClient_Prototype.SensorManager INFO       2018-03-04 13:51:32,057 run Timeout. Stop recording.
gimproveClient_Prototype.Client INFO       2018-03-04 13:53:51,186 __init__ Client instantiated.
gimproveClient_Prototype.Client INFO       2018-03-04 13:53:54,663 run RFID-read: 0006921147
gimproveClient_Prototype.SensorManager INFO       2018-03-04 13:53:54,715 run Start recording.
gimproveClient_Prototype.Client INFO       2018-03-04 13:54:50,601 __init__ Client instantiated.
gimproveClient_Prototype.Client INFO       2018-03-04 13:54:52,172 run RFID-read: 0006921147
gimproveClient_Prototype.SensorManager INFO       2018-03-04 13:54:52,234 run Start recording.
gimproveClient_Prototype.Client INFO       2018-03-04 13:55:00,914 __init__ Client instantiated.
gimproveClient_Prototype.Client INFO       2018-03-04 13:55:02,090 run RFID-read: 0006921147
gimproveClient_Prototype.SensorManager INFO       2018-03-04 13:55:02,149 run Start recording.
gimproveClient_Prototype.Client INFO       2018-03-04 13:56:21,232 __init__ Client instantiated.
gimproveClient_Prototype.Client INFO       2018-03-04 13:56:23,734 run RFID-read:         print(distance_buffer)
gimproveClient_Prototype.Client INFO       2018-03-04 13:56:23,753 run RFID-tag not valid:         print(distance_buffer)
gimproveClient_Prototype.Client INFO       2018-03-04 13:56:26,827 run RFID-read: 0006921147
gimproveClient_Prototype.SensorManager INFO       2018-03-04 13:56:26,880 run Start recording.
gimproveClient_Prototype.Client INFO       2018-03-04 13:56:42,334 __init__ Client instantiated.
gimproveClient_Prototype.Client INFO       2018-03-04 13:56:43,411 run RFID-read: 0006921147
gimproveClient_Prototype.SensorManager INFO       2018-03-04 13:56:43,475 run Start recording.
gimproveClient_Prototype.Client INFO       2018-03-04 13:56:55,732 __init__ Client instantiated.
gimproveClient_Prototype.Client INFO       2018-03-04 13:56:58,259 run RFID-read: 0006921147
gimproveClient_Prototype.Client INFO       2018-03-04 13:56:58,329 run RFID-tag not valid: 0006921147
gimproveClient_Prototype.Client INFO       2018-03-04 13:57:03,889 run RFID-read: 0006921147
gimproveClient_Prototype.SensorManager INFO       2018-03-04 13:57:03,956 run Start recording.
gimproveClient_Prototype.SensorManager INFO       2018-03-04 13:57:56,699 run Timeout. Stop recording.
gimproveClient_Prototype.Client INFO       2018-03-04 13:58:49,342 __init__ Client instantiated.
gimproveClient_Prototype.Client INFO       2018-03-04 13:58:50,564 run RFID-read: 0006921147
gimproveClient_Prototype.SensorManager INFO       2018-03-04 13:58:50,618 run Start recording.
gimproveClient_Prototype.Client INFO       2018-03-04 14:03:58,410 __init__ Client instantiated.
gimproveClient_Prototype.Client INFO       2018-03-04 14:04:02,252 run RFID-read: 0006921147
gimproveClient_Prototype.SensorManager INFO       2018-03-04 14:04:02,308 run Start recording.
gimproveClient_Prototype.Client INFO       2018-03-04 14:04:17,573 __init__ Client instantiated.
gimproveClient_Prototype.Client INFO       2018-03-04 14:04:19,443 run RFID-read: 0006921147
gimproveClient_Prototype.SensorManager INFO       2018-03-04 14:04:19,489 run Start recording.
gimproveClient_Prototype.SensorManager INFO       2018-03-04 14:05:12,195 run Timeout. Stop recording.
gimproveClient_Prototype.Client INFO       2018-03-04 14:08:15,112 __init__ Client instantiated.
gimproveClient_Prototype.Client INFO       2018-03-04 14:08:18,507 run RFID-read: 0006921147
gimproveClient_Prototype.SensorManager INFO       2018-03-04 14:08:18,554 run Start recording.
gimproveClient_Prototype.SensorManager INFO       2018-03-04 14:09:10,877 run Timeout. Stop recording.
gimproveClient_Prototype.Client INFO       2018-03-04 14:10:16,339 __init__ Client instantiated.
gimproveClient_Prototype.Client INFO       2018-03-04 14:10:17,596 run RFID-read: 0006921147
gimproveClient_Prototype.SensorManager INFO       2018-03-04 14:10:17,653 run Start recording.
gimproveClient_Prototype.SensorManager INFO       2018-03-04 14:10:29,122 run Timeout. Stop recording.
gimproveClient_Prototype.Client INFO       2018-03-04 14:12:30,399 __init__ Client instantiated.
gimproveClient_Prototype.Client INFO       2018-03-04 14:12:32,204 run RFID-read: 0006921147
gimproveClient_Prototype.SensorManager INFO       2018-03-04 14:12:32,267 run Start recording.
gimproveClient_Prototype.SensorManager INFO       2018-03-04 14:12:42,295 run Timeout. Stop recording.
gimproveClient_Prototype.Client INFO       2018-03-04 14:12:58,001 __init__ Client instantiated.
gimproveClient_Prototype.Client INFO       2018-03-04 14:12:59,556 run RFID-read: 0006921147
gimproveClient_Prototype.SensorManager INFO       2018-03-04 14:12:59,609 run Start recording.
gimproveClient_Prototype.SensorManager INFO       2018-03-04 14:13:10,030 run Timeout. Stop recording.
gimproveClient_Prototype.Client INFO       2018-03-04 14:13:45,137 __init__ Client instantiated.
gimproveClient_Prototype.Client INFO       2018-03-04 14:13:46,579 run RFID-read: 0006921147
gimproveClient_Prototype.SensorManager INFO       2018-03-04 14:13:46,700 run Start recording.
gimproveClient_Prototype.SensorManager INFO       2018-03-04 14:13:57,541 run Timeout. Stop recording.
gimproveClient_Prototype.Client INFO       2018-03-04 14:14:10,198 __init__ Client instantiated.
gimproveClient_Prototype.Client INFO       2018-03-04 14:14:12,101 run RFID-read: 0006921147
gimproveClient_Prototype.SensorManager INFO       2018-03-04 14:14:12,150 run Start recording.
gimproveClient_Prototype.Client INFO       2018-03-04 14:14:43,184 __init__ Client instantiated.
gimproveClient_Prototype.Client INFO       2018-03-04 14:14:44,410 run RFID-read: 0006921147
gimproveClient_Prototype.SensorManager INFO       2018-03-04 14:14:44,476 run Start recording.
gimproveClient_Prototype.SensorManager INFO       2018-03-04 14:14:55,301 run Timeout. Stop recording.
gimproveClient_Prototype.Client INFO       2018-03-04 14:17:25,078 __init__ Client instantiated.
gimproveClient_Prototype.Client INFO       2018-03-04 14:17:27,419 run RFID-read: 0006921147
gimproveClient_Prototype.Client INFO       2018-03-04 14:17:36,411 __init__ Client instantiated.
gimproveClient_Prototype.Client INFO       2018-03-04 14:17:37,505 run RFID-read: 0006921147
gimproveClient_Prototype.SensorManager INFO       2018-03-04 14:17:37,600 run Start recording.
gimproveClient_Prototype.SensorManager INFO       2018-03-04 14:17:40,330 run Timeout. Stop recording.
gimproveClient_Prototype.Client INFO       2018-03-04 14:18:46,070 __init__ Client instantiated.
gimproveClient_Prototype.Client INFO       2018-03-04 14:18:47,569 run RFID-read: 0006921147
gimproveClient_Prototype.SensorManager INFO       2018-03-04 14:18:47,628 run Start recording.
gimproveClient_Prototype.SensorManager INFO       2018-03-04 14:18:49,623 run Timeout. Stop recording.
gimproveClient_Prototype.Client INFO       2018-03-04 14:18:53,789 __init__ Client instantiated.
gimproveClient_Prototype.Client INFO       2018-03-04 14:18:54,927 run RFID-read: 0006921147
gimproveClient_Prototype.SensorManager INFO       2018-03-04 14:18:54,982 run Start recording.
gimproveClient_Prototype.SensorManager INFO       2018-03-04 14:18:56,165 run Timeout. Stop recording.
gimproveClient_Prototype.Client INFO       2018-03-04 14:19:10,148 __init__ Client instantiated.
gimproveClient_Prototype.Client INFO       2018-03-04 14:19:11,989 run RFID-read: 0006921147
gimproveClient_Prototype.SensorManager INFO       2018-03-04 14:19:12,063 run Start recording.
gimproveClient_Prototype.SensorManager INFO       2018-03-04 14:19:13,671 run Timeout. Stop recording.
gimproveClient_Prototype.Client INFO       2018-03-04 14:19:26,685 __init__ Client instantiated.
gimproveClient_Prototype.Client INFO       2018-03-04 14:19:27,885 run RFID-read: 0006921147
gimproveClient_Prototype.SensorManager INFO       2018-03-04 14:19:27,946 run Start recording.
gimproveClient_Prototype.SensorManager INFO       2018-03-04 14:19:30,340 run Timeout. Stop recording.
gimproveClient_Prototype.Client INFO       2018-03-04 14:19:37,990 __init__ Client instantiated.
gimproveClient_Prototype.Client INFO       2018-03-04 14:19:39,080 run RFID-read: 0006921147
gimproveClient_Prototype.SensorManager INFO       2018-03-04 14:19:39,147 run Start recording.
gimproveClient_Prototype.SensorManager INFO       2018-03-04 14:19:41,407 run Timeout. Stop recording.
gimproveClient_Prototype.Client INFO       2018-03-04 14:20:33,107 __init__ Client instantiated.
gimproveClient_Prototype.Client INFO       2018-03-04 14:20:34,435 run RFID-read: 0006921147
gimproveClient_Prototype.SensorManager INFO       2018-03-04 14:20:34,492 run Start recording.
gimproveClient_Prototype.SensorManager INFO       2018-03-04 14:20:36,507 run Timeout. Stop recording.
gimproveClient_Prototype.Client INFO       2018-03-04 14:21:23,525 __init__ Client instantiated.
gimproveClient_Prototype.Client INFO       2018-03-04 14:21:25,600 run RFID-read: 0006921147
gimproveClient_Prototype.SensorManager INFO       2018-03-04 14:21:25,658 run Start recording.
gimproveClient_Prototype.SensorManager INFO       2018-03-04 14:21:27,395 run Timeout. Stop recording.
gimproveClient_Prototype.Client INFO       2018-03-04 14:22:47,804 __init__ Client instantiated.
gimproveClient_Prototype.Client INFO       2018-03-04 14:22:49,202 run RFID-read: 0006921147
gimproveClient_Prototype.SensorManager INFO       2018-03-04 14:22:49,260 run Start recording.
gimproveClient_Prototype.SensorManager INFO       2018-03-04 14:22:52,099 run Timeout. Stop recording.
gimproveClient_Prototype.Client INFO       2018-03-04 14:23:08,629 __init__ Client instantiated.
gimproveClient_Prototype.Client INFO       2018-03-04 14:23:09,670 run RFID-read:         print(len(distance_buffer))
gimproveClient_Prototype.Client INFO       2018-03-04 14:23:09,684 run RFID-tag not valid:         print(len(distance_buffer))
gimproveClient_Prototype.Client INFO       2018-03-04 14:23:13,692 run RFID-read: 0006921147
gimproveClient_Prototype.SensorManager INFO       2018-03-04 14:23:13,737 run Start recording.
gimproveClient_Prototype.SensorManager INFO       2018-03-04 14:23:14,703 run Timeout. Stop recording.
gimproveClient_Prototype.Client INFO       2018-03-04 14:23:29,100 __init__ Client instantiated.
gimproveClient_Prototype.Client INFO       2018-03-04 14:23:30,316 run RFID-read: 0006921147
gimproveClient_Prototype.SensorManager INFO       2018-03-04 14:23:30,386 run Start recording.
gimproveClient_Prototype.SensorManager INFO       2018-03-04 14:23:31,050 run Timeout. Stop recording.
gimproveClient_Prototype.Client INFO       2018-03-04 14:23:42,660 __init__ Client instantiated.
gimproveClient_Prototype.Client INFO       2018-03-04 14:23:43,864 run RFID-read: 0006921147
gimproveClient_Prototype.SensorManager INFO       2018-03-04 14:23:43,925 run Start recording.
gimproveClient_Prototype.SensorManager INFO       2018-03-04 14:23:45,927 run Timeout. Stop recording.
gimproveClient_Prototype.Client INFO       2018-03-04 14:24:46,938 __init__ Client instantiated.
gimproveClient_Prototype.Client INFO       2018-03-04 14:24:48,463 run RFID-read: 0006921147
gimproveClient_Prototype.SensorManager INFO       2018-03-04 14:24:48,527 run Start recording.
gimproveClient_Prototype.RequestManager INFO       2018-03-04 14:24:49,021 cache_request Cached request.
gimproveClient_Prototype.RequestManager INFO       2018-03-04 14:24:49,077 cache_request Cached request.
gimproveClient_Prototype.RequestManager INFO       2018-03-04 14:24:49,137 cache_request Cached request.
gimproveClient_Prototype.RequestManager INFO       2018-03-04 14:24:49,321 cache_request Cached request.
gimproveClient_Prototype.RequestManager INFO       2018-03-04 14:24:49,538 cache_request Cached request.
gimproveClient_Prototype.RequestManager INFO       2018-03-04 14:24:49,749 cache_request Cached request.
gimproveClient_Prototype.RequestManager INFO       2018-03-04 14:24:49,960 cache_request Cached request.
gimproveClient_Prototype.RequestManager INFO       2018-03-04 14:24:50,147 cache_request Cached request.
gimproveClient_Prototype.RequestManager INFO       2018-03-04 14:24:50,317 cache_request Cached request.
gimproveClient_Prototype.RequestManager INFO       2018-03-04 14:24:50,403 cache_request Cached request.
gimproveClient_Prototype.RequestManager INFO       2018-03-04 14:24:50,493 cache_request Cached request.
gimproveClient_Prototype.RequestManager INFO       2018-03-04 14:24:50,634 cache_request Cached request.
gimproveClient_Prototype.SensorManager INFO       2018-03-04 14:24:50,742 run Timeout. Stop recording.
gimproveClient_Prototype.RequestManager INFO       2018-03-04 14:24:50,751 cache_request Cached request.
gimproveClient_Prototype.Client INFO       2018-03-04 14:25:01,920 __init__ Client instantiated.
gimproveClient_Prototype.Client INFO       2018-03-04 14:25:03,502 run RFID-read: 0006921147
gimproveClient_Prototype.Client INFO       2018-03-04 14:25:03,592 run RFID-tag not valid: 0006921147
gimproveClient_Prototype.Client INFO       2018-03-04 14:25:05,935 run RFID-read: 0006921147
gimproveClient_Prototype.SensorManager INFO       2018-03-04 14:25:05,992 run Start recording.
gimproveClient_Prototype.SensorManager INFO       2018-03-04 14:25:08,046 run Timeout. Stop recording.
gimproveClient_Prototype.Client INFO       2018-03-04 14:25:46,440 __init__ Client instantiated.
gimproveClient_Prototype.Client INFO       2018-03-04 14:25:47,714 run RFID-read: 0006921147
gimproveClient_Prototype.SensorManager INFO       2018-03-04 14:25:47,768 run Start recording.
gimproveClient_Prototype.SensorManager INFO       2018-03-04 14:25:49,719 run Timeout. Stop recording.
gimproveClient_Prototype.Client INFO       2018-03-04 14:26:32,502 __init__ Client instantiated.
gimproveClient_Prototype.Client INFO       2018-03-04 14:26:34,273 run RFID-read: 0006921147
gimproveClient_Prototype.SensorManager INFO       2018-03-04 14:26:34,328 run Start recording.
gimproveClient_Prototype.SensorManager INFO       2018-03-04 14:26:35,421 run Timeout. Stop recording.
gimproveClient_Prototype.Client INFO       2018-03-04 14:27:27,828 __init__ Client instantiated.
gimproveClient_Prototype.Client INFO       2018-03-04 14:27:29,254 run RFID-read: 0006921147
gimproveClient_Prototype.SensorManager INFO       2018-03-04 14:27:29,313 run Start recording.
gimproveClient_Prototype.SensorManager INFO       2018-03-04 14:27:30,552 run Timeout. Stop recording.
gimproveClient_Prototype.Client INFO       2018-03-04 14:27:47,666 __init__ Client instantiated.
gimproveClient_Prototype.Client INFO       2018-03-04 14:27:49,111 run RFID-read: 0006921147
gimproveClient_Prototype.SensorManager INFO       2018-03-04 14:27:49,162 run Start recording.
gimproveClient_Prototype.SensorManager INFO       2018-03-04 14:27:50,913 run Timeout. Stop recording.
gimproveClient_Prototype.Client INFO       2018-03-04 14:29:01,870 __init__ Client instantiated.
gimproveClient_Prototype.Client INFO       2018-03-04 14:29:03,319 run RFID-read: 0006921147
gimproveClient_Prototype.SensorManager INFO       2018-03-04 14:29:03,382 run Start recording.
gimproveClient_Prototype.SensorManager INFO       2018-03-04 14:29:05,504 run Timeout. Stop recording.
