gimproveClient_Prototype.Client INFO       2018-02-20 17:52:21,524 __init__ Client instantiated.
gimproveClient_Prototype.Client INFO       2018-02-20 19:49:38,902 __init__ Client instantiated.
gimproveClient_Prototype.Client WARNING    2018-02-20 19:49:38,904 __init__ Running on production environment.
gimproveClient_Prototype.Client INFO       2018-02-20 19:53:59,334 __init__ Client instantiated.
gimproveClient_Prototype.Client INFO       2018-02-20 20:09:14,842 __init__ Client instantiated.
gimproveClient_Prototype.Client INFO       2018-02-20 20:09:19,926 run RFID-read: 0006921147
gimproveClient_Prototype.Client INFO       2018-02-20 20:09:34,975 __init__ Client instantiated.
gimproveClient_Prototype.Client INFO       2018-02-20 20:09:37,196 run RFID-read: 0006921147
gimproveClient_Prototype.SensorManager INFO       2018-02-20 20:09:37,297 run Start recording.
gimproveClient_Prototype.Client INFO       2018-02-20 20:33:42,647 __init__ Client instantiated.
gimproveClient_Prototype.Client INFO       2018-02-20 20:33:47,811 run RFID-read: 0006921147
gimproveClient_Prototype.SensorManager INFO       2018-02-20 20:33:47,873 run Start recording.
gimproveClient_Prototype.Client INFO       2018-02-20 20:34:27,568 __init__ Client instantiated.
gimproveClient_Prototype.Client INFO       2018-02-20 20:34:29,633 run RFID-read: 0006921147
gimproveClient_Prototype.Client INFO       2018-02-20 20:35:29,973 __init__ Client instantiated.
gimproveClient_Prototype.Client INFO       2018-02-20 20:35:31,820 run RFID-read: LSByte
gimproveClient_Prototype.Client INFO       2018-02-20 20:35:31,857 run RFID-tag not valid: LSByte
gimproveClient_Prototype.Client INFO       2018-02-20 20:35:36,175 run RFID-read: 0006921147
gimproveClient_Prototype.Client INFO       2018-02-20 20:36:48,428 __init__ Client instantiated.
gimproveClient_Prototype.Client INFO       2018-02-20 20:36:52,368 run RFID-read: 0006921147
gimproveClient_Prototype.SensorManager INFO       2018-02-20 20:36:52,439 run Start recording.
gimproveClient_Prototype.Client INFO       2018-02-20 20:37:44,003 __init__ Client instantiated.
gimproveClient_Prototype.Client INFO       2018-02-20 20:37:45,366 run RFID-read: 0006921147
gimproveClient_Prototype.SensorManager INFO       2018-02-20 20:37:45,425 run Start recording.
gimproveClient_Prototype.Client INFO       2018-02-20 20:38:24,443 __init__ Client instantiated.
gimproveClient_Prototype.Client INFO       2018-02-20 20:38:25,958 run RFID-read: 0006921147
gimproveClient_Prototype.SensorManager INFO       2018-02-20 20:38:26,015 run Start recording.
